2021-03-21 03:07:48,799 INFO com.example.demo.controllers.UserController [main] [CREATED] [SUCCESS] for user : test
2021-03-21 03:07:48,803 ERROR com.example.demo.controllers.UserController [main] [CREATED] [ERROR] Cannot create user because the password is not valid for:test
2021-03-21 03:07:48,806 ERROR com.example.demo.controllers.UserController [main] [CREATED] [ERROR] Cannot create user because the password is not valid for:test
2021-03-21 03:07:48,863 INFO com.example.demo.controllers.CartController [main] [ADD TO CART] [Success] for user : test
2021-03-21 03:07:48,864 INFO com.example.demo.controllers.CartController [main] [ADD TO CART] [Success] for user : test
2021-03-21 03:07:48,865 INFO com.example.demo.controllers.CartController [main] [REMOVE FROM CART] [SUCCESS] for user: test
2021-03-21 03:07:48,903 ERROR com.example.demo.controllers.OrderController [main] [ORDER HISTORY] [FAIL] for user : someone,REASON : User not found
2021-03-21 03:07:48,904 ERROR com.example.demo.controllers.OrderController [main] [SUBMIT ORDER] [FAIL] for user: someone, REASON : User not found
2021-03-21 03:07:48,906 INFO com.example.demo.controllers.OrderController [main] [SUBMIT ORDER] [SUCCESS] for user: test
2021-03-21 03:07:48,957 INFO org.springframework.test.context.support.AbstractTestContextBootstrapper [main] Neither @ContextConfiguration nor @ContextHierarchy found for test class [com.example.demo.ECommerceApplicationTests], using SpringBootContextLoader
2021-03-21 03:07:48,959 INFO org.springframework.test.context.support.AbstractContextLoader [main] Could not detect default resource locations for test class [com.example.demo.ECommerceApplicationTests]: no resource found for suffixes {-context.xml, Context.groovy}.
2021-03-21 03:07:48,960 INFO org.springframework.test.context.support.AnnotationConfigContextLoaderUtils [main] Could not detect default configuration classes for test class [com.example.demo.ECommerceApplicationTests]: ECommerceApplicationTests does not declare any static, non-private, non-final, nested classes annotated with @Configuration.
2021-03-21 03:07:49,045 INFO org.springframework.boot.test.context.SpringBootTestContextBootstrapper [main] Found @SpringBootConfiguration com.example.demo.ECommerceApplication for test class com.example.demo.ECommerceApplicationTests
2021-03-21 03:07:49,111 INFO org.springframework.test.context.support.AbstractTestContextBootstrapper [main] Loaded default TestExecutionListener class names from location [META-INF/spring.factories]: [org.springframework.boot.test.mock.mockito.MockitoTestExecutionListener, org.springframework.boot.test.mock.mockito.ResetMocksTestExecutionListener, org.springframework.boot.test.autoconfigure.restdocs.RestDocsTestExecutionListener, org.springframework.boot.test.autoconfigure.web.client.MockRestServiceServerResetTestExecutionListener, org.springframework.boot.test.autoconfigure.web.servlet.MockMvcPrintOnlyOnFailureTestExecutionListener, org.springframework.boot.test.autoconfigure.web.servlet.WebDriverTestExecutionListener, org.springframework.test.context.web.ServletTestExecutionListener, org.springframework.test.context.support.DirtiesContextBeforeModesTestExecutionListener, org.springframework.test.context.support.DependencyInjectionTestExecutionListener, org.springframework.test.context.support.DirtiesContextTestExecutionListener, org.springframework.test.context.transaction.TransactionalTestExecutionListener, org.springframework.test.context.jdbc.SqlScriptsTestExecutionListener]
2021-03-21 03:07:49,129 INFO org.springframework.test.context.support.AbstractTestContextBootstrapper [main] Using TestExecutionListeners: [org.springframework.test.context.web.ServletTestExecutionListener@63716833, org.springframework.test.context.support.DirtiesContextBeforeModesTestExecutionListener@573284a5, org.springframework.boot.test.mock.mockito.MockitoTestExecutionListener@3fbfbf84, org.springframework.boot.test.autoconfigure.SpringBootDependencyInjectionTestExecutionListener@23f72d88, org.springframework.test.context.support.DirtiesContextTestExecutionListener@4bafe935, org.springframework.test.context.transaction.TransactionalTestExecutionListener@87b5b49, org.springframework.test.context.jdbc.SqlScriptsTestExecutionListener@4a7a965d, org.springframework.boot.test.mock.mockito.ResetMocksTestExecutionListener@507b79f7, org.springframework.boot.test.autoconfigure.restdocs.RestDocsTestExecutionListener@64a9d48c, org.springframework.boot.test.autoconfigure.web.client.MockRestServiceServerResetTestExecutionListener@365a6a43, org.springframework.boot.test.autoconfigure.web.servlet.MockMvcPrintOnlyOnFailureTestExecutionListener@288cdaab, org.springframework.boot.test.autoconfigure.web.servlet.WebDriverTestExecutionListener@23b3aa8c]
2021-03-21 03:07:49,497 INFO org.springframework.boot.StartupInfoLogger [main] Starting ECommerceApplicationTests on Maximilians-MacBook-Pro.local with PID 57240 (started by max in /Users/max/IdeaProjects/nd035-c4-Security-and-DevOps/starter_code)
2021-03-21 03:07:49,498 INFO org.springframework.boot.SpringApplication [main] No active profile set, falling back to default profiles: default
2021-03-21 03:07:49,938 INFO org.springframework.data.repository.config.RepositoryConfigurationDelegate [main] Bootstrapping Spring Data repositories in DEFAULT mode.
2021-03-21 03:07:49,990 INFO org.springframework.data.repository.config.RepositoryConfigurationDelegate [main] Finished Spring Data repository scanning in 46ms. Found 4 repository interfaces.
2021-03-21 03:07:50,428 INFO org.springframework.context.support.PostProcessorRegistrationDelegate$BeanPostProcessorChecker [main] Bean 'org.springframework.transaction.annotation.ProxyTransactionManagementConfiguration' of type [org.springframework.transaction.annotation.ProxyTransactionManagementConfiguration$$EnhancerBySpringCGLIB$$832cba61] is not eligible for getting processed by all BeanPostProcessors (for example: not eligible for auto-proxying)
2021-03-21 03:07:50,609 INFO com.zaxxer.hikari.HikariDataSource [main] HikariPool-1 - Starting...
2021-03-21 03:07:50,751 INFO com.zaxxer.hikari.HikariDataSource [main] HikariPool-1 - Start completed.
2021-03-21 03:07:50,810 INFO org.hibernate.jpa.internal.util.LogHelper [main] HHH000204: Processing PersistenceUnitInfo [
	name: default
	...]
2021-03-21 03:07:50,867 INFO org.hibernate.Version [main] HHH000412: Hibernate Core {5.3.10.Final}
2021-03-21 03:07:50,868 INFO org.hibernate.cfg.Environment [main] HHH000206: hibernate.properties not found
2021-03-21 03:07:50,901 INFO org.hibernate.annotations.common.reflection.java.JavaReflectionManager [main] HCANN000001: Hibernate Commons Annotations {5.0.4.Final}
2021-03-21 03:07:51,026 INFO org.hibernate.dialect.Dialect [main] HHH000400: Using dialect: org.hibernate.dialect.H2Dialect
2021-03-21 03:07:51,543 INFO org.springframework.orm.jpa.AbstractEntityManagerFactoryBean [main] Initialized JPA EntityManagerFactory for persistence unit 'default'
2021-03-21 03:07:52,125 WARN org.springframework.boot.autoconfigure.orm.jpa.JpaBaseConfiguration$JpaWebConfiguration$JpaWebMvcConfiguration [main] spring.jpa.open-in-view is enabled by default. Therefore, database queries may be performed during view rendering. Explicitly configure spring.jpa.open-in-view to disable this warning
2021-03-21 03:07:52,220 INFO org.springframework.security.web.DefaultSecurityFilterChain [main] Creating filter chain: any request, [org.springframework.security.web.context.request.async.WebAsyncManagerIntegrationFilter@7e69bf78, org.springframework.security.web.context.SecurityContextPersistenceFilter@6870a76f, org.springframework.security.web.header.HeaderWriterFilter@1f6ba47b, org.springframework.web.filter.CorsFilter@24d097c8, org.springframework.security.web.authentication.logout.LogoutFilter@f7b7720, com.example.demo.security.JWTAuthenticationFilter@2f69d246, com.example.demo.security.JWTAuthenticationVerificationFilter@5bfdc92b, org.springframework.security.web.savedrequest.RequestCacheAwareFilter@3bd79444, org.springframework.security.web.servletapi.SecurityContextHolderAwareRequestFilter@2ce3d95a, org.springframework.security.web.authentication.AnonymousAuthenticationFilter@68dc2f53, org.springframework.security.web.session.SessionManagementFilter@3ee2d546, org.springframework.security.web.access.ExceptionTranslationFilter@3140ad41, org.springframework.security.web.access.intercept.FilterSecurityInterceptor@1c571162]
2021-03-21 03:07:52,537 INFO org.springframework.scheduling.concurrent.ExecutorConfigurationSupport [main] Initializing ExecutorService 'applicationTaskExecutor'
2021-03-21 03:07:52,770 INFO org.springframework.boot.StartupInfoLogger [main] Started ECommerceApplicationTests in 3.614 seconds (JVM running for 4.868)
2021-03-21 03:07:52,796 INFO org.springframework.scheduling.concurrent.ExecutorConfigurationSupport [Thread-2] Shutting down ExecutorService 'applicationTaskExecutor'
2021-03-21 03:07:52,798 INFO org.springframework.orm.jpa.AbstractEntityManagerFactoryBean [Thread-2] Closing JPA EntityManagerFactory for persistence unit 'default'
2021-03-21 03:07:52,800 INFO com.zaxxer.hikari.HikariDataSource [Thread-2] HikariPool-1 - Shutdown initiated...
2021-03-21 03:07:52,803 INFO com.zaxxer.hikari.HikariDataSource [Thread-2] HikariPool-1 - Shutdown completed.
2021-03-21 03:29:22,190 INFO com.example.demo.controllers.UserController [main] [CREATED] [SUCCESS] for user : test
2021-03-21 03:29:22,194 ERROR com.example.demo.controllers.UserController [main] [CREATED] [ERROR] Cannot create user because the password is not valid for:test
2021-03-21 03:29:22,198 ERROR com.example.demo.controllers.UserController [main] [CREATED] [ERROR] Cannot create user because the password is not valid for:test
2021-03-21 03:29:22,269 INFO com.example.demo.controllers.CartController [main] [ADD TO CART] [Success] for user : test
2021-03-21 03:29:22,270 INFO com.example.demo.controllers.CartController [main] [ADD TO CART] [Success] for user : test
2021-03-21 03:29:22,271 INFO com.example.demo.controllers.CartController [main] [REMOVE FROM CART] [SUCCESS] for user: test
2021-03-21 03:29:22,316 ERROR com.example.demo.controllers.OrderController [main] [ORDER HISTORY] [FAIL] for user : someone,REASON : User not found
2021-03-21 03:29:22,318 ERROR com.example.demo.controllers.OrderController [main] [SUBMIT ORDER] [FAIL] for user: someone, REASON : User not found
2021-03-21 03:29:22,321 INFO com.example.demo.controllers.OrderController [main] [SUBMIT ORDER] [SUCCESS] for user: test
2021-03-21 03:29:22,383 INFO org.springframework.test.context.support.AbstractTestContextBootstrapper [main] Neither @ContextConfiguration nor @ContextHierarchy found for test class [com.example.demo.ECommerceApplicationTests], using SpringBootContextLoader
2021-03-21 03:29:22,386 INFO org.springframework.test.context.support.AbstractContextLoader [main] Could not detect default resource locations for test class [com.example.demo.ECommerceApplicationTests]: no resource found for suffixes {-context.xml, Context.groovy}.
2021-03-21 03:29:22,387 INFO org.springframework.test.context.support.AnnotationConfigContextLoaderUtils [main] Could not detect default configuration classes for test class [com.example.demo.ECommerceApplicationTests]: ECommerceApplicationTests does not declare any static, non-private, non-final, nested classes annotated with @Configuration.
2021-03-21 03:29:22,517 INFO org.springframework.boot.test.context.SpringBootTestContextBootstrapper [main] Found @SpringBootConfiguration com.example.demo.ECommerceApplication for test class com.example.demo.ECommerceApplicationTests
2021-03-21 03:29:22,582 INFO org.springframework.test.context.support.AbstractTestContextBootstrapper [main] Loaded default TestExecutionListener class names from location [META-INF/spring.factories]: [org.springframework.boot.test.mock.mockito.MockitoTestExecutionListener, org.springframework.boot.test.mock.mockito.ResetMocksTestExecutionListener, org.springframework.boot.test.autoconfigure.restdocs.RestDocsTestExecutionListener, org.springframework.boot.test.autoconfigure.web.client.MockRestServiceServerResetTestExecutionListener, org.springframework.boot.test.autoconfigure.web.servlet.MockMvcPrintOnlyOnFailureTestExecutionListener, org.springframework.boot.test.autoconfigure.web.servlet.WebDriverTestExecutionListener, org.springframework.test.context.web.ServletTestExecutionListener, org.springframework.test.context.support.DirtiesContextBeforeModesTestExecutionListener, org.springframework.test.context.support.DependencyInjectionTestExecutionListener, org.springframework.test.context.support.DirtiesContextTestExecutionListener, org.springframework.test.context.transaction.TransactionalTestExecutionListener, org.springframework.test.context.jdbc.SqlScriptsTestExecutionListener]
2021-03-21 03:29:22,595 INFO org.springframework.test.context.support.AbstractTestContextBootstrapper [main] Using TestExecutionListeners: [org.springframework.test.context.web.ServletTestExecutionListener@7308ffff, org.springframework.test.context.support.DirtiesContextBeforeModesTestExecutionListener@6601cc93, org.springframework.boot.test.mock.mockito.MockitoTestExecutionListener@54d901aa, org.springframework.boot.test.autoconfigure.SpringBootDependencyInjectionTestExecutionListener@63716833, org.springframework.test.context.support.DirtiesContextTestExecutionListener@573284a5, org.springframework.test.context.transaction.TransactionalTestExecutionListener@3fbfbf84, org.springframework.test.context.jdbc.SqlScriptsTestExecutionListener@23f72d88, org.springframework.boot.test.mock.mockito.ResetMocksTestExecutionListener@4bafe935, org.springframework.boot.test.autoconfigure.restdocs.RestDocsTestExecutionListener@87b5b49, org.springframework.boot.test.autoconfigure.web.client.MockRestServiceServerResetTestExecutionListener@4a7a965d, org.springframework.boot.test.autoconfigure.web.servlet.MockMvcPrintOnlyOnFailureTestExecutionListener@507b79f7, org.springframework.boot.test.autoconfigure.web.servlet.WebDriverTestExecutionListener@64a9d48c]
2021-03-21 03:29:23,003 INFO org.springframework.boot.StartupInfoLogger [main] Starting ECommerceApplicationTests on Maximilians-MacBook-Pro.local with PID 57868 (started by max in /Users/max/IdeaProjects/nd035-c4-Security-and-DevOps/starter_code)
2021-03-21 03:29:23,004 INFO org.springframework.boot.SpringApplication [main] No active profile set, falling back to default profiles: default
2021-03-21 03:29:23,491 INFO org.springframework.data.repository.config.RepositoryConfigurationDelegate [main] Bootstrapping Spring Data repositories in DEFAULT mode.
2021-03-21 03:29:23,550 INFO org.springframework.data.repository.config.RepositoryConfigurationDelegate [main] Finished Spring Data repository scanning in 50ms. Found 4 repository interfaces.
2021-03-21 03:29:24,010 INFO org.springframework.context.support.PostProcessorRegistrationDelegate$BeanPostProcessorChecker [main] Bean 'org.springframework.transaction.annotation.ProxyTransactionManagementConfiguration' of type [org.springframework.transaction.annotation.ProxyTransactionManagementConfiguration$$EnhancerBySpringCGLIB$$e547fea3] is not eligible for getting processed by all BeanPostProcessors (for example: not eligible for auto-proxying)
2021-03-21 03:29:24,200 INFO com.zaxxer.hikari.HikariDataSource [main] HikariPool-1 - Starting...
2021-03-21 03:29:24,386 INFO com.zaxxer.hikari.HikariDataSource [main] HikariPool-1 - Start completed.
2021-03-21 03:29:24,454 INFO org.hibernate.jpa.internal.util.LogHelper [main] HHH000204: Processing PersistenceUnitInfo [
	name: default
	...]
2021-03-21 03:29:24,503 INFO org.hibernate.Version [main] HHH000412: Hibernate Core {5.3.10.Final}
2021-03-21 03:29:24,504 INFO org.hibernate.cfg.Environment [main] HHH000206: hibernate.properties not found
2021-03-21 03:29:24,541 INFO org.hibernate.annotations.common.reflection.java.JavaReflectionManager [main] HCANN000001: Hibernate Commons Annotations {5.0.4.Final}
2021-03-21 03:29:24,662 INFO org.hibernate.dialect.Dialect [main] HHH000400: Using dialect: org.hibernate.dialect.H2Dialect
2021-03-21 03:29:25,200 INFO org.springframework.orm.jpa.AbstractEntityManagerFactoryBean [main] Initialized JPA EntityManagerFactory for persistence unit 'default'
2021-03-21 03:29:25,828 WARN org.springframework.boot.autoconfigure.orm.jpa.JpaBaseConfiguration$JpaWebConfiguration$JpaWebMvcConfiguration [main] spring.jpa.open-in-view is enabled by default. Therefore, database queries may be performed during view rendering. Explicitly configure spring.jpa.open-in-view to disable this warning
2021-03-21 03:29:25,930 INFO org.springframework.security.web.DefaultSecurityFilterChain [main] Creating filter chain: any request, [org.springframework.security.web.context.request.async.WebAsyncManagerIntegrationFilter@48a38a12, org.springframework.security.web.context.SecurityContextPersistenceFilter@30221cfa, org.springframework.security.web.header.HeaderWriterFilter@15c96f24, org.springframework.web.filter.CorsFilter@2aa65672, org.springframework.security.web.authentication.logout.LogoutFilter@75d95b67, com.example.demo.security.JWTAuthenticationFilter@2e96489b, com.example.demo.security.JWTAuthenticationVerificationFilter@56ed2baf, org.springframework.security.web.savedrequest.RequestCacheAwareFilter@79e15c4a, org.springframework.security.web.servletapi.SecurityContextHolderAwareRequestFilter@1f6ba47b, org.springframework.security.web.authentication.AnonymousAuthenticationFilter@24ac87a, org.springframework.security.web.session.SessionManagementFilter@3140ad41, org.springframework.security.web.access.ExceptionTranslationFilter@46610fc9, org.springframework.security.web.access.intercept.FilterSecurityInterceptor@21084a6d]
2021-03-21 03:29:26,242 INFO org.springframework.scheduling.concurrent.ExecutorConfigurationSupport [main] Initializing ExecutorService 'applicationTaskExecutor'
2021-03-21 03:29:26,469 INFO org.springframework.boot.StartupInfoLogger [main] Started ECommerceApplicationTests in 3.843 seconds (JVM running for 5.208)
2021-03-21 03:29:26,494 INFO org.springframework.scheduling.concurrent.ExecutorConfigurationSupport [Thread-2] Shutting down ExecutorService 'applicationTaskExecutor'
2021-03-21 03:29:26,496 INFO org.springframework.orm.jpa.AbstractEntityManagerFactoryBean [Thread-2] Closing JPA EntityManagerFactory for persistence unit 'default'
2021-03-21 03:29:26,498 INFO com.zaxxer.hikari.HikariDataSource [Thread-2] HikariPool-1 - Shutdown initiated...
2021-03-21 03:29:26,502 INFO com.zaxxer.hikari.HikariDataSource [Thread-2] HikariPool-1 - Shutdown completed.
2021-03-21 03:36:03,853 INFO org.springframework.test.context.support.AbstractTestContextBootstrapper [main] Neither @ContextConfiguration nor @ContextHierarchy found for test class [com.example.demo.ECommerceApplicationTests], using SpringBootContextLoader
2021-03-21 03:36:03,858 INFO org.springframework.test.context.support.AbstractContextLoader [main] Could not detect default resource locations for test class [com.example.demo.ECommerceApplicationTests]: no resource found for suffixes {-context.xml, Context.groovy}.
2021-03-21 03:36:03,859 INFO org.springframework.test.context.support.AnnotationConfigContextLoaderUtils [main] Could not detect default configuration classes for test class [com.example.demo.ECommerceApplicationTests]: ECommerceApplicationTests does not declare any static, non-private, non-final, nested classes annotated with @Configuration.
2021-03-21 03:36:03,956 INFO org.springframework.boot.test.context.SpringBootTestContextBootstrapper [main] Found @SpringBootConfiguration com.example.demo.ECommerceApplication for test class com.example.demo.ECommerceApplicationTests
2021-03-21 03:36:04,041 INFO org.springframework.test.context.support.AbstractTestContextBootstrapper [main] Loaded default TestExecutionListener class names from location [META-INF/spring.factories]: [org.springframework.boot.test.mock.mockito.MockitoTestExecutionListener, org.springframework.boot.test.mock.mockito.ResetMocksTestExecutionListener, org.springframework.boot.test.autoconfigure.restdocs.RestDocsTestExecutionListener, org.springframework.boot.test.autoconfigure.web.client.MockRestServiceServerResetTestExecutionListener, org.springframework.boot.test.autoconfigure.web.servlet.MockMvcPrintOnlyOnFailureTestExecutionListener, org.springframework.boot.test.autoconfigure.web.servlet.WebDriverTestExecutionListener, org.springframework.test.context.web.ServletTestExecutionListener, org.springframework.test.context.support.DirtiesContextBeforeModesTestExecutionListener, org.springframework.test.context.support.DependencyInjectionTestExecutionListener, org.springframework.test.context.support.DirtiesContextTestExecutionListener, org.springframework.test.context.transaction.TransactionalTestExecutionListener, org.springframework.test.context.jdbc.SqlScriptsTestExecutionListener]
2021-03-21 03:36:04,063 INFO org.springframework.test.context.support.AbstractTestContextBootstrapper [main] Using TestExecutionListeners: [org.springframework.test.context.web.ServletTestExecutionListener@2250b9f2, org.springframework.test.context.support.DirtiesContextBeforeModesTestExecutionListener@7e3181aa, org.springframework.boot.test.mock.mockito.MockitoTestExecutionListener@253d9f73, org.springframework.boot.test.autoconfigure.SpringBootDependencyInjectionTestExecutionListener@142269f2, org.springframework.test.context.support.DirtiesContextTestExecutionListener@331acdad, org.springframework.test.context.transaction.TransactionalTestExecutionListener@41d426b5, org.springframework.test.context.jdbc.SqlScriptsTestExecutionListener@8dbfffb, org.springframework.boot.test.mock.mockito.ResetMocksTestExecutionListener@f316aeb, org.springframework.boot.test.autoconfigure.restdocs.RestDocsTestExecutionListener@6aa3a905, org.springframework.boot.test.autoconfigure.web.client.MockRestServiceServerResetTestExecutionListener@a22cb6a, org.springframework.boot.test.autoconfigure.web.servlet.MockMvcPrintOnlyOnFailureTestExecutionListener@5dd1c9f2, org.springframework.boot.test.autoconfigure.web.servlet.WebDriverTestExecutionListener@59b38691]
2021-03-21 03:36:04,342 INFO org.springframework.boot.StartupInfoLogger [main] Starting ECommerceApplicationTests on Maximilians-MacBook-Pro.local with PID 58169 (started by max in /Users/max/IdeaProjects/nd035-c4-Security-and-DevOps/starter_code)
2021-03-21 03:36:04,343 INFO org.springframework.boot.SpringApplication [main] No active profile set, falling back to default profiles: default
2021-03-21 03:36:04,856 INFO org.springframework.data.repository.config.RepositoryConfigurationDelegate [main] Bootstrapping Spring Data repositories in DEFAULT mode.
2021-03-21 03:36:04,917 INFO org.springframework.data.repository.config.RepositoryConfigurationDelegate [main] Finished Spring Data repository scanning in 53ms. Found 4 repository interfaces.
2021-03-21 03:36:05,530 INFO org.springframework.context.support.PostProcessorRegistrationDelegate$BeanPostProcessorChecker [main] Bean 'org.springframework.transaction.annotation.ProxyTransactionManagementConfiguration' of type [org.springframework.transaction.annotation.ProxyTransactionManagementConfiguration$$EnhancerBySpringCGLIB$$746bfa8] is not eligible for getting processed by all BeanPostProcessors (for example: not eligible for auto-proxying)
2021-03-21 03:36:05,710 INFO com.zaxxer.hikari.HikariDataSource [main] HikariPool-1 - Starting...
2021-03-21 03:36:05,863 INFO com.zaxxer.hikari.HikariDataSource [main] HikariPool-1 - Start completed.
2021-03-21 03:36:05,926 INFO org.hibernate.jpa.internal.util.LogHelper [main] HHH000204: Processing PersistenceUnitInfo [
	name: default
	...]
2021-03-21 03:36:05,978 INFO org.hibernate.Version [main] HHH000412: Hibernate Core {5.3.10.Final}
2021-03-21 03:36:05,979 INFO org.hibernate.cfg.Environment [main] HHH000206: hibernate.properties not found
2021-03-21 03:36:06,134 INFO org.hibernate.annotations.common.reflection.java.JavaReflectionManager [main] HCANN000001: Hibernate Commons Annotations {5.0.4.Final}
2021-03-21 03:36:06,258 INFO org.hibernate.dialect.Dialect [main] HHH000400: Using dialect: org.hibernate.dialect.H2Dialect
2021-03-21 03:36:06,908 INFO org.springframework.orm.jpa.AbstractEntityManagerFactoryBean [main] Initialized JPA EntityManagerFactory for persistence unit 'default'
2021-03-21 03:36:07,550 WARN org.springframework.boot.autoconfigure.orm.jpa.JpaBaseConfiguration$JpaWebConfiguration$JpaWebMvcConfiguration [main] spring.jpa.open-in-view is enabled by default. Therefore, database queries may be performed during view rendering. Explicitly configure spring.jpa.open-in-view to disable this warning
2021-03-21 03:36:07,650 INFO org.springframework.security.web.DefaultSecurityFilterChain [main] Creating filter chain: any request, [org.springframework.security.web.context.request.async.WebAsyncManagerIntegrationFilter@19de32cb, org.springframework.security.web.context.SecurityContextPersistenceFilter@25b83dce, org.springframework.security.web.header.HeaderWriterFilter@7e514482, org.springframework.web.filter.CorsFilter@7872e91f, org.springframework.security.web.authentication.logout.LogoutFilter@1e14b269, com.example.demo.security.JWTAuthenticationFilter@10b2c1cf, com.example.demo.security.JWTAuthenticationVerificationFilter@20a25f66, org.springframework.security.web.savedrequest.RequestCacheAwareFilter@45e35a0d, org.springframework.security.web.servletapi.SecurityContextHolderAwareRequestFilter@22105c76, org.springframework.security.web.authentication.AnonymousAuthenticationFilter@488279d3, org.springframework.security.web.session.SessionManagementFilter@3c271988, org.springframework.security.web.access.ExceptionTranslationFilter@654cb30c, org.springframework.security.web.access.intercept.FilterSecurityInterceptor@5759edff]
2021-03-21 03:36:07,968 INFO org.springframework.scheduling.concurrent.ExecutorConfigurationSupport [main] Initializing ExecutorService 'applicationTaskExecutor'
2021-03-21 03:36:08,198 INFO org.springframework.boot.StartupInfoLogger [main] Started ECommerceApplicationTests in 4.082 seconds (JVM running for 4.941)
2021-03-21 03:36:08,289 INFO org.springframework.scheduling.concurrent.ExecutorConfigurationSupport [Thread-2] Shutting down ExecutorService 'applicationTaskExecutor'
2021-03-21 03:36:08,292 INFO org.springframework.orm.jpa.AbstractEntityManagerFactoryBean [Thread-2] Closing JPA EntityManagerFactory for persistence unit 'default'
2021-03-21 03:36:08,295 INFO com.zaxxer.hikari.HikariDataSource [Thread-2] HikariPool-1 - Shutdown initiated...
2021-03-21 03:36:08,299 INFO com.zaxxer.hikari.HikariDataSource [Thread-2] HikariPool-1 - Shutdown completed.
2021-03-21 03:42:05,655 INFO org.springframework.test.context.support.AbstractTestContextBootstrapper [main] Neither @ContextConfiguration nor @ContextHierarchy found for test class [com.example.demo.ECommerceApplicationTests], using SpringBootContextLoader
2021-03-21 03:42:05,660 INFO org.springframework.test.context.support.AbstractContextLoader [main] Could not detect default resource locations for test class [com.example.demo.ECommerceApplicationTests]: no resource found for suffixes {-context.xml, Context.groovy}.
2021-03-21 03:42:05,661 INFO org.springframework.test.context.support.AnnotationConfigContextLoaderUtils [main] Could not detect default configuration classes for test class [com.example.demo.ECommerceApplicationTests]: ECommerceApplicationTests does not declare any static, non-private, non-final, nested classes annotated with @Configuration.
2021-03-21 03:42:05,771 INFO org.springframework.boot.test.context.SpringBootTestContextBootstrapper [main] Found @SpringBootConfiguration com.example.demo.ECommerceApplication for test class com.example.demo.ECommerceApplicationTests
2021-03-21 03:42:05,838 INFO org.springframework.test.context.support.AbstractTestContextBootstrapper [main] Loaded default TestExecutionListener class names from location [META-INF/spring.factories]: [org.springframework.boot.test.mock.mockito.MockitoTestExecutionListener, org.springframework.boot.test.mock.mockito.ResetMocksTestExecutionListener, org.springframework.boot.test.autoconfigure.restdocs.RestDocsTestExecutionListener, org.springframework.boot.test.autoconfigure.web.client.MockRestServiceServerResetTestExecutionListener, org.springframework.boot.test.autoconfigure.web.servlet.MockMvcPrintOnlyOnFailureTestExecutionListener, org.springframework.boot.test.autoconfigure.web.servlet.WebDriverTestExecutionListener, org.springframework.test.context.web.ServletTestExecutionListener, org.springframework.test.context.support.DirtiesContextBeforeModesTestExecutionListener, org.springframework.test.context.support.DependencyInjectionTestExecutionListener, org.springframework.test.context.support.DirtiesContextTestExecutionListener, org.springframework.test.context.transaction.TransactionalTestExecutionListener, org.springframework.test.context.jdbc.SqlScriptsTestExecutionListener]
2021-03-21 03:42:05,849 INFO org.springframework.test.context.support.AbstractTestContextBootstrapper [main] Using TestExecutionListeners: [org.springframework.test.context.web.ServletTestExecutionListener@5dcd8c7a, org.springframework.test.context.support.DirtiesContextBeforeModesTestExecutionListener@2250b9f2, org.springframework.boot.test.mock.mockito.MockitoTestExecutionListener@7e3181aa, org.springframework.boot.test.autoconfigure.SpringBootDependencyInjectionTestExecutionListener@253d9f73, org.springframework.test.context.support.DirtiesContextTestExecutionListener@142269f2, org.springframework.test.context.transaction.TransactionalTestExecutionListener@331acdad, org.springframework.test.context.jdbc.SqlScriptsTestExecutionListener@41d426b5, org.springframework.boot.test.mock.mockito.ResetMocksTestExecutionListener@8dbfffb, org.springframework.boot.test.autoconfigure.restdocs.RestDocsTestExecutionListener@f316aeb, org.springframework.boot.test.autoconfigure.web.client.MockRestServiceServerResetTestExecutionListener@6aa3a905, org.springframework.boot.test.autoconfigure.web.servlet.MockMvcPrintOnlyOnFailureTestExecutionListener@a22cb6a, org.springframework.boot.test.autoconfigure.web.servlet.WebDriverTestExecutionListener@5dd1c9f2]
2021-03-21 03:42:06,141 INFO org.springframework.boot.StartupInfoLogger [main] Starting ECommerceApplicationTests on Maximilians-MacBook-Pro.local with PID 58374 (started by max in /Users/max/IdeaProjects/nd035-c4-Security-and-DevOps/starter_code)
2021-03-21 03:42:06,142 INFO org.springframework.boot.SpringApplication [main] No active profile set, falling back to default profiles: default
2021-03-21 03:42:06,588 INFO org.springframework.data.repository.config.RepositoryConfigurationDelegate [main] Bootstrapping Spring Data repositories in DEFAULT mode.
2021-03-21 03:42:06,646 INFO org.springframework.data.repository.config.RepositoryConfigurationDelegate [main] Finished Spring Data repository scanning in 48ms. Found 4 repository interfaces.
2021-03-21 03:42:07,139 INFO org.springframework.context.support.PostProcessorRegistrationDelegate$BeanPostProcessorChecker [main] Bean 'org.springframework.transaction.annotation.ProxyTransactionManagementConfiguration' of type [org.springframework.transaction.annotation.ProxyTransactionManagementConfiguration$$EnhancerBySpringCGLIB$$7acb728a] is not eligible for getting processed by all BeanPostProcessors (for example: not eligible for auto-proxying)
2021-03-21 03:42:07,373 INFO com.zaxxer.hikari.HikariDataSource [main] HikariPool-1 - Starting...
2021-03-21 03:42:07,548 INFO com.zaxxer.hikari.HikariDataSource [main] HikariPool-1 - Start completed.
2021-03-21 03:42:07,730 INFO org.hibernate.jpa.internal.util.LogHelper [main] HHH000204: Processing PersistenceUnitInfo [
	name: default
	...]
2021-03-21 03:42:07,972 INFO org.hibernate.Version [main] HHH000412: Hibernate Core {5.3.10.Final}
2021-03-21 03:42:07,980 INFO org.hibernate.cfg.Environment [main] HHH000206: hibernate.properties not found
2021-03-21 03:42:08,237 INFO org.hibernate.annotations.common.reflection.java.JavaReflectionManager [main] HCANN000001: Hibernate Commons Annotations {5.0.4.Final}
2021-03-21 03:42:08,562 INFO org.hibernate.dialect.Dialect [main] HHH000400: Using dialect: org.hibernate.dialect.H2Dialect
2021-03-21 03:42:09,557 INFO org.springframework.orm.jpa.AbstractEntityManagerFactoryBean [main] Initialized JPA EntityManagerFactory for persistence unit 'default'
2021-03-21 03:42:10,209 WARN org.springframework.boot.autoconfigure.orm.jpa.JpaBaseConfiguration$JpaWebConfiguration$JpaWebMvcConfiguration [main] spring.jpa.open-in-view is enabled by default. Therefore, database queries may be performed during view rendering. Explicitly configure spring.jpa.open-in-view to disable this warning
2021-03-21 03:42:10,327 INFO org.springframework.security.web.DefaultSecurityFilterChain [main] Creating filter chain: any request, [org.springframework.security.web.context.request.async.WebAsyncManagerIntegrationFilter@488279d3, org.springframework.security.web.context.SecurityContextPersistenceFilter@21d15932, org.springframework.security.web.header.HeaderWriterFilter@4eec5fa6, org.springframework.web.filter.CorsFilter@27575bcd, org.springframework.security.web.authentication.logout.LogoutFilter@4cefa0be, com.example.demo.security.JWTAuthenticationFilter@21ed4a51, com.example.demo.security.JWTAuthenticationVerificationFilter@13866865, org.springframework.security.web.savedrequest.RequestCacheAwareFilter@3945886e, org.springframework.security.web.servletapi.SecurityContextHolderAwareRequestFilter@750457a5, org.springframework.security.web.authentication.AnonymousAuthenticationFilter@4891d727, org.springframework.security.web.session.SessionManagementFilter@25b83dce, org.springframework.security.web.access.ExceptionTranslationFilter@21780905, org.springframework.security.web.access.intercept.FilterSecurityInterceptor@2dfd157b]
2021-03-21 03:42:10,633 INFO org.springframework.scheduling.concurrent.ExecutorConfigurationSupport [main] Initializing ExecutorService 'applicationTaskExecutor'
2021-03-21 03:42:10,892 INFO org.springframework.boot.StartupInfoLogger [main] Started ECommerceApplicationTests in 5.01 seconds (JVM running for 5.841)
2021-03-21 03:42:10,977 INFO org.springframework.scheduling.concurrent.ExecutorConfigurationSupport [Thread-2] Shutting down ExecutorService 'applicationTaskExecutor'
2021-03-21 03:42:10,979 INFO org.springframework.orm.jpa.AbstractEntityManagerFactoryBean [Thread-2] Closing JPA EntityManagerFactory for persistence unit 'default'
2021-03-21 03:42:10,983 INFO com.zaxxer.hikari.HikariDataSource [Thread-2] HikariPool-1 - Shutdown initiated...
2021-03-21 03:42:10,986 INFO com.zaxxer.hikari.HikariDataSource [Thread-2] HikariPool-1 - Shutdown completed.
2021-03-21 03:42:25,642 INFO org.springframework.test.context.support.AbstractTestContextBootstrapper [main] Neither @ContextConfiguration nor @ContextHierarchy found for test class [com.example.demo.ECommerceApplicationTests], using SpringBootContextLoader
2021-03-21 03:42:25,647 INFO org.springframework.test.context.support.AbstractContextLoader [main] Could not detect default resource locations for test class [com.example.demo.ECommerceApplicationTests]: no resource found for suffixes {-context.xml, Context.groovy}.
2021-03-21 03:42:25,647 INFO org.springframework.test.context.support.AnnotationConfigContextLoaderUtils [main] Could not detect default configuration classes for test class [com.example.demo.ECommerceApplicationTests]: ECommerceApplicationTests does not declare any static, non-private, non-final, nested classes annotated with @Configuration.
2021-03-21 03:42:25,728 INFO org.springframework.boot.test.context.SpringBootTestContextBootstrapper [main] Found @SpringBootConfiguration com.example.demo.ECommerceApplication for test class com.example.demo.ECommerceApplicationTests
2021-03-21 03:42:25,832 INFO org.springframework.test.context.support.AbstractTestContextBootstrapper [main] Loaded default TestExecutionListener class names from location [META-INF/spring.factories]: [org.springframework.boot.test.mock.mockito.MockitoTestExecutionListener, org.springframework.boot.test.mock.mockito.ResetMocksTestExecutionListener, org.springframework.boot.test.autoconfigure.restdocs.RestDocsTestExecutionListener, org.springframework.boot.test.autoconfigure.web.client.MockRestServiceServerResetTestExecutionListener, org.springframework.boot.test.autoconfigure.web.servlet.MockMvcPrintOnlyOnFailureTestExecutionListener, org.springframework.boot.test.autoconfigure.web.servlet.WebDriverTestExecutionListener, org.springframework.test.context.web.ServletTestExecutionListener, org.springframework.test.context.support.DirtiesContextBeforeModesTestExecutionListener, org.springframework.test.context.support.DependencyInjectionTestExecutionListener, org.springframework.test.context.support.DirtiesContextTestExecutionListener, org.springframework.test.context.transaction.TransactionalTestExecutionListener, org.springframework.test.context.jdbc.SqlScriptsTestExecutionListener]
2021-03-21 03:42:25,854 INFO org.springframework.test.context.support.AbstractTestContextBootstrapper [main] Using TestExecutionListeners: [org.springframework.test.context.web.ServletTestExecutionListener@5dcd8c7a, org.springframework.test.context.support.DirtiesContextBeforeModesTestExecutionListener@2250b9f2, org.springframework.boot.test.mock.mockito.MockitoTestExecutionListener@7e3181aa, org.springframework.boot.test.autoconfigure.SpringBootDependencyInjectionTestExecutionListener@253d9f73, org.springframework.test.context.support.DirtiesContextTestExecutionListener@142269f2, org.springframework.test.context.transaction.TransactionalTestExecutionListener@331acdad, org.springframework.test.context.jdbc.SqlScriptsTestExecutionListener@41d426b5, org.springframework.boot.test.mock.mockito.ResetMocksTestExecutionListener@8dbfffb, org.springframework.boot.test.autoconfigure.restdocs.RestDocsTestExecutionListener@f316aeb, org.springframework.boot.test.autoconfigure.web.client.MockRestServiceServerResetTestExecutionListener@6aa3a905, org.springframework.boot.test.autoconfigure.web.servlet.MockMvcPrintOnlyOnFailureTestExecutionListener@a22cb6a, org.springframework.boot.test.autoconfigure.web.servlet.WebDriverTestExecutionListener@5dd1c9f2]
2021-03-21 03:42:26,119 INFO org.springframework.boot.StartupInfoLogger [main] Starting ECommerceApplicationTests on Maximilians-MacBook-Pro.local with PID 58389 (started by max in /Users/max/IdeaProjects/nd035-c4-Security-and-DevOps/starter_code)
2021-03-21 03:42:26,119 INFO org.springframework.boot.SpringApplication [main] No active profile set, falling back to default profiles: default
2021-03-21 03:42:26,581 INFO org.springframework.data.repository.config.RepositoryConfigurationDelegate [main] Bootstrapping Spring Data repositories in DEFAULT mode.
2021-03-21 03:42:26,629 INFO org.springframework.data.repository.config.RepositoryConfigurationDelegate [main] Finished Spring Data repository scanning in 41ms. Found 4 repository interfaces.
2021-03-21 03:42:27,146 INFO org.springframework.context.support.PostProcessorRegistrationDelegate$BeanPostProcessorChecker [main] Bean 'org.springframework.transaction.annotation.ProxyTransactionManagementConfiguration' of type [org.springframework.transaction.annotation.ProxyTransactionManagementConfiguration$$EnhancerBySpringCGLIB$$7033f4d4] is not eligible for getting processed by all BeanPostProcessors (for example: not eligible for auto-proxying)
2021-03-21 03:42:27,315 INFO com.zaxxer.hikari.HikariDataSource [main] HikariPool-1 - Starting...
2021-03-21 03:42:27,478 INFO com.zaxxer.hikari.HikariDataSource [main] HikariPool-1 - Start completed.
2021-03-21 03:42:27,538 INFO org.hibernate.jpa.internal.util.LogHelper [main] HHH000204: Processing PersistenceUnitInfo [
	name: default
	...]
2021-03-21 03:42:27,588 INFO org.hibernate.Version [main] HHH000412: Hibernate Core {5.3.10.Final}
2021-03-21 03:42:27,589 INFO org.hibernate.cfg.Environment [main] HHH000206: hibernate.properties not found
2021-03-21 03:42:27,706 INFO org.hibernate.annotations.common.reflection.java.JavaReflectionManager [main] HCANN000001: Hibernate Commons Annotations {5.0.4.Final}
2021-03-21 03:42:27,831 INFO org.hibernate.dialect.Dialect [main] HHH000400: Using dialect: org.hibernate.dialect.H2Dialect
2021-03-21 03:42:28,414 INFO org.springframework.orm.jpa.AbstractEntityManagerFactoryBean [main] Initialized JPA EntityManagerFactory for persistence unit 'default'
2021-03-21 03:42:28,985 WARN org.springframework.boot.autoconfigure.orm.jpa.JpaBaseConfiguration$JpaWebConfiguration$JpaWebMvcConfiguration [main] spring.jpa.open-in-view is enabled by default. Therefore, database queries may be performed during view rendering. Explicitly configure spring.jpa.open-in-view to disable this warning
2021-03-21 03:42:29,077 INFO org.springframework.security.web.DefaultSecurityFilterChain [main] Creating filter chain: any request, [org.springframework.security.web.context.request.async.WebAsyncManagerIntegrationFilter@1ba3c03d, org.springframework.security.web.context.SecurityContextPersistenceFilter@da67c46, org.springframework.security.web.header.HeaderWriterFilter@55574295, org.springframework.web.filter.CorsFilter@9a37591, org.springframework.security.web.authentication.logout.LogoutFilter@2c7c898a, com.example.demo.security.JWTAuthenticationFilter@749c0669, com.example.demo.security.JWTAuthenticationVerificationFilter@4468c0ea, org.springframework.security.web.savedrequest.RequestCacheAwareFilter@7d0df326, org.springframework.security.web.servletapi.SecurityContextHolderAwareRequestFilter@68543a35, org.springframework.security.web.authentication.AnonymousAuthenticationFilter@41cf4272, org.springframework.security.web.session.SessionManagementFilter@6c4786af, org.springframework.security.web.access.ExceptionTranslationFilter@21579b35, org.springframework.security.web.access.intercept.FilterSecurityInterceptor@57a0c261]
2021-03-21 03:42:29,381 INFO org.springframework.scheduling.concurrent.ExecutorConfigurationSupport [main] Initializing ExecutorService 'applicationTaskExecutor'
2021-03-21 03:42:29,581 INFO org.springframework.boot.StartupInfoLogger [main] Started ECommerceApplicationTests in 3.668 seconds (JVM running for 4.539)
2021-03-21 03:42:29,693 INFO org.springframework.scheduling.concurrent.ExecutorConfigurationSupport [Thread-2] Shutting down ExecutorService 'applicationTaskExecutor'
2021-03-21 03:42:29,696 INFO org.springframework.orm.jpa.AbstractEntityManagerFactoryBean [Thread-2] Closing JPA EntityManagerFactory for persistence unit 'default'
2021-03-21 03:42:29,700 INFO com.zaxxer.hikari.HikariDataSource [Thread-2] HikariPool-1 - Shutdown initiated...
2021-03-21 03:42:29,705 INFO com.zaxxer.hikari.HikariDataSource [Thread-2] HikariPool-1 - Shutdown completed.
2021-03-21 03:42:45,031 INFO com.example.demo.controllers.CartController [main] [ADD TO CART] [Success] for user : test
2021-03-21 03:42:45,052 INFO com.example.demo.controllers.CartController [main] [ADD TO CART] [Success] for user : test
2021-03-21 03:42:45,053 INFO com.example.demo.controllers.CartController [main] [REMOVE FROM CART] [SUCCESS] for user: test
2021-03-21 03:42:45,119 ERROR com.example.demo.controllers.OrderController [main] [ORDER HISTORY] [FAIL] for user : someone,REASON : User not found
2021-03-21 03:42:45,123 ERROR com.example.demo.controllers.OrderController [main] [SUBMIT ORDER] [FAIL] for user: someone, REASON : User not found
2021-03-21 03:42:45,126 INFO com.example.demo.controllers.OrderController [main] [SUBMIT ORDER] [SUCCESS] for user: test
2021-03-21 03:42:45,157 INFO com.example.demo.controllers.UserController [main] [CREATED] [SUCCESS] for user : test
2021-03-21 03:42:45,158 ERROR com.example.demo.controllers.UserController [main] [CREATED] [ERROR] Cannot create user because the password is not valid for:test
2021-03-21 03:42:45,167 ERROR com.example.demo.controllers.UserController [main] [CREATED] [ERROR] Cannot create user because the password is not valid for:test
2021-03-21 04:09:06,880 INFO org.springframework.test.context.support.AbstractTestContextBootstrapper [main] Neither @ContextConfiguration nor @ContextHierarchy found for test class [com.example.demo.ECommerceApplicationTests], using SpringBootContextLoader
2021-03-21 04:09:06,887 INFO org.springframework.test.context.support.AbstractContextLoader [main] Could not detect default resource locations for test class [com.example.demo.ECommerceApplicationTests]: no resource found for suffixes {-context.xml, Context.groovy}.
2021-03-21 04:09:06,888 INFO org.springframework.test.context.support.AnnotationConfigContextLoaderUtils [main] Could not detect default configuration classes for test class [com.example.demo.ECommerceApplicationTests]: ECommerceApplicationTests does not declare any static, non-private, non-final, nested classes annotated with @Configuration.
2021-03-21 04:09:07,100 INFO org.springframework.boot.test.context.SpringBootTestContextBootstrapper [main] Found @SpringBootConfiguration com.example.demo.ECommerceApplication for test class com.example.demo.ECommerceApplicationTests
2021-03-21 04:09:07,206 INFO org.springframework.test.context.support.AbstractTestContextBootstrapper [main] Loaded default TestExecutionListener class names from location [META-INF/spring.factories]: [org.springframework.boot.test.mock.mockito.MockitoTestExecutionListener, org.springframework.boot.test.mock.mockito.ResetMocksTestExecutionListener, org.springframework.boot.test.autoconfigure.restdocs.RestDocsTestExecutionListener, org.springframework.boot.test.autoconfigure.web.client.MockRestServiceServerResetTestExecutionListener, org.springframework.boot.test.autoconfigure.web.servlet.MockMvcPrintOnlyOnFailureTestExecutionListener, org.springframework.boot.test.autoconfigure.web.servlet.WebDriverTestExecutionListener, org.springframework.test.context.web.ServletTestExecutionListener, org.springframework.test.context.support.DirtiesContextBeforeModesTestExecutionListener, org.springframework.test.context.support.DependencyInjectionTestExecutionListener, org.springframework.test.context.support.DirtiesContextTestExecutionListener, org.springframework.test.context.transaction.TransactionalTestExecutionListener, org.springframework.test.context.jdbc.SqlScriptsTestExecutionListener]
2021-03-21 04:09:07,224 INFO org.springframework.test.context.support.AbstractTestContextBootstrapper [main] Using TestExecutionListeners: [org.springframework.test.context.web.ServletTestExecutionListener@175b9425, org.springframework.test.context.support.DirtiesContextBeforeModesTestExecutionListener@3098cf3b, org.springframework.boot.test.mock.mockito.MockitoTestExecutionListener@610f7aa, org.springframework.boot.test.autoconfigure.SpringBootDependencyInjectionTestExecutionListener@6a03bcb1, org.springframework.test.context.support.DirtiesContextTestExecutionListener@21b2e768, org.springframework.test.context.transaction.TransactionalTestExecutionListener@57250572, org.springframework.test.context.jdbc.SqlScriptsTestExecutionListener@5609159b, org.springframework.boot.test.mock.mockito.ResetMocksTestExecutionListener@2118cddf, org.springframework.boot.test.autoconfigure.restdocs.RestDocsTestExecutionListener@17a7f733, org.springframework.boot.test.autoconfigure.web.client.MockRestServiceServerResetTestExecutionListener@68567e20, org.springframework.boot.test.autoconfigure.web.servlet.MockMvcPrintOnlyOnFailureTestExecutionListener@76ed1b7c, org.springframework.boot.test.autoconfigure.web.servlet.WebDriverTestExecutionListener@11fc564b]
2021-03-21 04:09:07,476 INFO org.springframework.boot.StartupInfoLogger [main] Starting ECommerceApplicationTests on Maximilians-MacBook-Pro.local with PID 59172 (started by max in /Users/max/IdeaProjects/nd035-c4-Security-and-DevOps/starter_code)
2021-03-21 04:09:07,477 INFO org.springframework.boot.SpringApplication [main] No active profile set, falling back to default profiles: default
2021-03-21 04:09:08,104 INFO org.springframework.data.repository.config.RepositoryConfigurationDelegate [main] Bootstrapping Spring Data repositories in DEFAULT mode.
2021-03-21 04:09:08,168 INFO org.springframework.data.repository.config.RepositoryConfigurationDelegate [main] Finished Spring Data repository scanning in 56ms. Found 4 repository interfaces.
2021-03-21 04:09:08,689 INFO org.springframework.context.support.PostProcessorRegistrationDelegate$BeanPostProcessorChecker [main] Bean 'org.springframework.transaction.annotation.ProxyTransactionManagementConfiguration' of type [org.springframework.transaction.annotation.ProxyTransactionManagementConfiguration$$EnhancerBySpringCGLIB$$3057f9b6] is not eligible for getting processed by all BeanPostProcessors (for example: not eligible for auto-proxying)
2021-03-21 04:09:08,859 INFO com.zaxxer.hikari.HikariDataSource [main] HikariPool-1 - Starting...
2021-03-21 04:09:09,058 INFO com.zaxxer.hikari.HikariDataSource [main] HikariPool-1 - Start completed.
2021-03-21 04:09:09,136 INFO org.hibernate.jpa.internal.util.LogHelper [main] HHH000204: Processing PersistenceUnitInfo [
	name: default
	...]
2021-03-21 04:09:09,188 INFO org.hibernate.Version [main] HHH000412: Hibernate Core {5.3.10.Final}
2021-03-21 04:09:09,189 INFO org.hibernate.cfg.Environment [main] HHH000206: hibernate.properties not found
2021-03-21 04:09:09,296 INFO org.hibernate.annotations.common.reflection.java.JavaReflectionManager [main] HCANN000001: Hibernate Commons Annotations {5.0.4.Final}
2021-03-21 04:09:09,415 INFO org.hibernate.dialect.Dialect [main] HHH000400: Using dialect: org.hibernate.dialect.H2Dialect
2021-03-21 04:09:10,055 INFO org.springframework.orm.jpa.AbstractEntityManagerFactoryBean [main] Initialized JPA EntityManagerFactory for persistence unit 'default'
2021-03-21 04:09:10,976 WARN org.springframework.boot.autoconfigure.orm.jpa.JpaBaseConfiguration$JpaWebConfiguration$JpaWebMvcConfiguration [main] spring.jpa.open-in-view is enabled by default. Therefore, database queries may be performed during view rendering. Explicitly configure spring.jpa.open-in-view to disable this warning
2021-03-21 04:09:11,165 INFO org.springframework.security.web.DefaultSecurityFilterChain [main] Creating filter chain: any request, [org.springframework.security.web.context.request.async.WebAsyncManagerIntegrationFilter@7df4709e, org.springframework.security.web.context.SecurityContextPersistenceFilter@31f31b20, org.springframework.security.web.header.HeaderWriterFilter@29c1249a, org.springframework.web.filter.CorsFilter@2bfa17b0, org.springframework.security.web.authentication.logout.LogoutFilter@5486ee92, com.example.demo.security.JWTAuthenticationFilter@625264ed, com.example.demo.security.JWTAuthenticationVerificationFilter@559fd5ec, org.springframework.security.web.savedrequest.RequestCacheAwareFilter@4b544732, org.springframework.security.web.servletapi.SecurityContextHolderAwareRequestFilter@16c5b50a, org.springframework.security.web.authentication.AnonymousAuthenticationFilter@bb12f41, org.springframework.security.web.session.SessionManagementFilter@2d6a0766, org.springframework.security.web.access.ExceptionTranslationFilter@2b9b17ce, org.springframework.security.web.access.intercept.FilterSecurityInterceptor@5086623f]
2021-03-21 04:09:11,767 INFO org.springframework.scheduling.concurrent.ExecutorConfigurationSupport [main] Initializing ExecutorService 'applicationTaskExecutor'
2021-03-21 04:09:12,056 INFO org.springframework.boot.StartupInfoLogger [main] Started ECommerceApplicationTests in 4.784 seconds (JVM running for 5.921)
2021-03-21 04:09:12,153 INFO org.springframework.scheduling.concurrent.ExecutorConfigurationSupport [Thread-3] Shutting down ExecutorService 'applicationTaskExecutor'
2021-03-21 04:09:12,158 INFO org.springframework.orm.jpa.AbstractEntityManagerFactoryBean [Thread-3] Closing JPA EntityManagerFactory for persistence unit 'default'
2021-03-21 04:09:12,160 INFO com.zaxxer.hikari.HikariDataSource [Thread-3] HikariPool-1 - Shutdown initiated...
2021-03-21 04:09:12,162 INFO com.zaxxer.hikari.HikariDataSource [Thread-3] HikariPool-1 - Shutdown completed.
