2021-03-20 23:39:58,578 INFO org.springframework.boot.StartupInfoLogger [main] Starting ECommerceApplication on Maximilians-MacBook-Pro.local with PID 47879 (/Users/max/IdeaProjects/nd035-c4-Security-and-DevOps/starter_code/target/classes started by max in /Users/max/IdeaProjects/nd035-c4-Security-and-DevOps)
2021-03-20 23:39:58,580 INFO org.springframework.boot.SpringApplication [main] No active profile set, falling back to default profiles: default
2021-03-20 23:39:58,928 INFO org.springframework.data.repository.config.RepositoryConfigurationDelegate [main] Bootstrapping Spring Data repositories in DEFAULT mode.
2021-03-20 23:39:58,971 INFO org.springframework.data.repository.config.RepositoryConfigurationDelegate [main] Finished Spring Data repository scanning in 35ms. Found 4 repository interfaces.
2021-03-20 23:39:59,240 INFO org.springframework.context.support.PostProcessorRegistrationDelegate$BeanPostProcessorChecker [main] Bean 'org.springframework.transaction.annotation.ProxyTransactionManagementConfiguration' of type [org.springframework.transaction.annotation.ProxyTransactionManagementConfiguration$$EnhancerBySpringCGLIB$$a92230a5] is not eligible for getting processed by all BeanPostProcessors (for example: not eligible for auto-proxying)
2021-03-20 23:39:59,385 INFO org.springframework.boot.web.embedded.tomcat.TomcatWebServer [main] Tomcat initialized with port(s): 8080 (http)
2021-03-20 23:39:59,408 INFO org.apache.juli.logging.DirectJDKLog [main] Initializing ProtocolHandler ["http-nio-8080"]
2021-03-20 23:39:59,420 INFO org.apache.juli.logging.DirectJDKLog [main] Starting service [Tomcat]
2021-03-20 23:39:59,420 INFO org.apache.juli.logging.DirectJDKLog [main] Starting Servlet engine: [Apache Tomcat/9.0.19]
2021-03-20 23:39:59,511 INFO org.apache.juli.logging.DirectJDKLog [main] Initializing Spring embedded WebApplicationContext
2021-03-20 23:39:59,512 INFO org.springframework.boot.web.servlet.context.ServletWebServerApplicationContext [main] Root WebApplicationContext: initialization completed in 904 ms
2021-03-20 23:39:59,624 INFO com.zaxxer.hikari.HikariDataSource [main] HikariPool-1 - Starting...
2021-03-20 23:39:59,696 INFO com.zaxxer.hikari.HikariDataSource [main] HikariPool-1 - Start completed.
2021-03-20 23:39:59,733 INFO org.hibernate.jpa.internal.util.LogHelper [main] HHH000204: Processing PersistenceUnitInfo [
	name: default
	...]
2021-03-20 23:39:59,773 INFO org.hibernate.Version [main] HHH000412: Hibernate Core {5.3.10.Final}
2021-03-20 23:39:59,774 INFO org.hibernate.cfg.Environment [main] HHH000206: hibernate.properties not found
2021-03-20 23:39:59,855 INFO org.hibernate.annotations.common.reflection.java.JavaReflectionManager [main] HCANN000001: Hibernate Commons Annotations {5.0.4.Final}
2021-03-20 23:39:59,935 INFO org.hibernate.dialect.Dialect [main] HHH000400: Using dialect: org.hibernate.dialect.H2Dialect
2021-03-20 23:40:00,355 INFO org.springframework.orm.jpa.AbstractEntityManagerFactoryBean [main] Initialized JPA EntityManagerFactory for persistence unit 'default'
2021-03-20 23:40:00,704 WARN org.springframework.boot.autoconfigure.orm.jpa.JpaBaseConfiguration$JpaWebConfiguration$JpaWebMvcConfiguration [main] spring.jpa.open-in-view is enabled by default. Therefore, database queries may be performed during view rendering. Explicitly configure spring.jpa.open-in-view to disable this warning
2021-03-20 23:40:00,756 INFO org.springframework.security.web.DefaultSecurityFilterChain [main] Creating filter chain: any request, [org.springframework.security.web.context.request.async.WebAsyncManagerIntegrationFilter@5c78f456, org.springframework.security.web.context.SecurityContextPersistenceFilter@6ad26381, org.springframework.security.web.header.HeaderWriterFilter@66589252, org.springframework.web.filter.CorsFilter@29174dfe, org.springframework.security.web.authentication.logout.LogoutFilter@25b83dce, com.example.demo.security.JWTAuthenticationFilter@319d106c, com.example.demo.security.JWTAuthenticationVerificationFilter@641e67fa, org.springframework.security.web.savedrequest.RequestCacheAwareFilter@f5167f0, org.springframework.security.web.servletapi.SecurityContextHolderAwareRequestFilter@21780905, org.springframework.security.web.authentication.AnonymousAuthenticationFilter@7fdff56b, org.springframework.security.web.session.SessionManagementFilter@1abbc1d4, org.springframework.security.web.access.ExceptionTranslationFilter@6ac2c5a1, org.springframework.security.web.access.intercept.FilterSecurityInterceptor@194eae3e]
2021-03-20 23:40:00,833 INFO org.springframework.scheduling.concurrent.ExecutorConfigurationSupport [main] Initializing ExecutorService 'applicationTaskExecutor'
2021-03-20 23:40:00,912 INFO org.apache.juli.logging.DirectJDKLog [main] Starting ProtocolHandler ["http-nio-8080"]
2021-03-20 23:40:00,930 INFO org.springframework.boot.web.embedded.tomcat.TomcatWebServer [main] Tomcat started on port(s): 8080 (http) with context path ''
2021-03-20 23:40:00,933 INFO org.springframework.boot.StartupInfoLogger [main] Started ECommerceApplication in 2.513 seconds (JVM running for 3.048)
2021-03-20 23:40:04,123 INFO org.apache.juli.logging.DirectJDKLog [http-nio-8080-exec-1] Initializing Spring DispatcherServlet 'dispatcherServlet'
2021-03-20 23:40:04,124 INFO org.springframework.web.servlet.FrameworkServlet [http-nio-8080-exec-1] Initializing Servlet 'dispatcherServlet'
2021-03-20 23:40:04,130 INFO org.springframework.web.servlet.FrameworkServlet [http-nio-8080-exec-1] Completed initialization in 6 ms
2021-03-20 23:40:04,319 INFO com.example.demo.controllers.UserController [http-nio-8080-exec-1] [CREATED] [SUCCESS] for user : user1
2021-03-20 23:40:10,482 ERROR com.example.demo.controllers.UserController [http-nio-8080-exec-3] [CREATED] [ERROR] Cannot create user because the password is not valid for:user1
2021-03-20 23:41:24,816 INFO org.hibernate.hql.internal.QueryTranslatorFactoryInitiator [http-nio-8080-exec-5] HHH000397: Using ASTQueryTranslatorFactory
2021-03-20 23:41:24,889 INFO com.example.demo.controllers.OrderController [http-nio-8080-exec-5] [SUBMIT ORDER] [SUCCESS] for user: user1
2021-03-20 23:41:38,645 ERROR org.apache.juli.logging.DirectJDKLog [http-nio-8080-exec-6] Servlet.service() for servlet [dispatcherServlet] in context with path [] threw exception
com.auth0.jwt.exceptions.SignatureVerificationException: The Token's Signature resulted invalid when verified using the Algorithm: HmacSHA512
	at com.auth0.jwt.algorithms.HMACAlgorithm.verify(HMACAlgorithm.java:56)
	at com.auth0.jwt.JWTVerifier.verify(JWTVerifier.java:299)
	at com.auth0.jwt.JWTVerifier.verify(JWTVerifier.java:283)
	at com.example.demo.security.JWTAuthenticationVerificationFilter.getAuthentication(JWTAuthenticationVerificationFilter.java:40)
	at com.example.demo.security.JWTAuthenticationVerificationFilter.doFilterInternal(JWTAuthenticationVerificationFilter.java:31)
	at org.springframework.web.filter.OncePerRequestFilter.doFilter(OncePerRequestFilter.java:107)
	at org.springframework.security.web.FilterChainProxy$VirtualFilterChain.doFilter(FilterChainProxy.java:334)
	at org.springframework.security.web.authentication.AbstractAuthenticationProcessingFilter.doFilter(AbstractAuthenticationProcessingFilter.java:200)
	at org.springframework.security.web.FilterChainProxy$VirtualFilterChain.doFilter(FilterChainProxy.java:334)
	at org.springframework.security.web.authentication.logout.LogoutFilter.doFilter(LogoutFilter.java:116)
	at org.springframework.security.web.FilterChainProxy$VirtualFilterChain.doFilter(FilterChainProxy.java:334)
	at org.springframework.web.filter.CorsFilter.doFilterInternal(CorsFilter.java:96)
	at org.springframework.web.filter.OncePerRequestFilter.doFilter(OncePerRequestFilter.java:107)
	at org.springframework.security.web.FilterChainProxy$VirtualFilterChain.doFilter(FilterChainProxy.java:334)
	at org.springframework.security.web.header.HeaderWriterFilter.doFilterInternal(HeaderWriterFilter.java:74)
	at org.springframework.web.filter.OncePerRequestFilter.doFilter(OncePerRequestFilter.java:107)
	at org.springframework.security.web.FilterChainProxy$VirtualFilterChain.doFilter(FilterChainProxy.java:334)
	at org.springframework.security.web.context.SecurityContextPersistenceFilter.doFilter(SecurityContextPersistenceFilter.java:105)
	at org.springframework.security.web.FilterChainProxy$VirtualFilterChain.doFilter(FilterChainProxy.java:334)
	at org.springframework.security.web.context.request.async.WebAsyncManagerIntegrationFilter.doFilterInternal(WebAsyncManagerIntegrationFilter.java:56)
	at org.springframework.web.filter.OncePerRequestFilter.doFilter(OncePerRequestFilter.java:107)
	at org.springframework.security.web.FilterChainProxy$VirtualFilterChain.doFilter(FilterChainProxy.java:334)
	at org.springframework.security.web.FilterChainProxy.doFilterInternal(FilterChainProxy.java:215)
	at org.springframework.security.web.FilterChainProxy.doFilter(FilterChainProxy.java:178)
	at org.springframework.web.filter.DelegatingFilterProxy.invokeDelegate(DelegatingFilterProxy.java:357)
	at org.springframework.web.filter.DelegatingFilterProxy.doFilter(DelegatingFilterProxy.java:270)
	at org.apache.catalina.core.ApplicationFilterChain.internalDoFilter(ApplicationFilterChain.java:193)
	at org.apache.catalina.core.ApplicationFilterChain.doFilter(ApplicationFilterChain.java:166)
	at org.springframework.web.filter.RequestContextFilter.doFilterInternal(RequestContextFilter.java:99)
	at org.springframework.web.filter.OncePerRequestFilter.doFilter(OncePerRequestFilter.java:107)
	at org.apache.catalina.core.ApplicationFilterChain.internalDoFilter(ApplicationFilterChain.java:193)
	at org.apache.catalina.core.ApplicationFilterChain.doFilter(ApplicationFilterChain.java:166)
	at org.springframework.web.filter.FormContentFilter.doFilterInternal(FormContentFilter.java:92)
	at org.springframework.web.filter.OncePerRequestFilter.doFilter(OncePerRequestFilter.java:107)
	at org.apache.catalina.core.ApplicationFilterChain.internalDoFilter(ApplicationFilterChain.java:193)
	at org.apache.catalina.core.ApplicationFilterChain.doFilter(ApplicationFilterChain.java:166)
	at org.springframework.web.filter.HiddenHttpMethodFilter.doFilterInternal(HiddenHttpMethodFilter.java:93)
	at org.springframework.web.filter.OncePerRequestFilter.doFilter(OncePerRequestFilter.java:107)
	at org.apache.catalina.core.ApplicationFilterChain.internalDoFilter(ApplicationFilterChain.java:193)
	at org.apache.catalina.core.ApplicationFilterChain.doFilter(ApplicationFilterChain.java:166)
	at org.springframework.web.filter.CharacterEncodingFilter.doFilterInternal(CharacterEncodingFilter.java:200)
	at org.springframework.web.filter.OncePerRequestFilter.doFilter(OncePerRequestFilter.java:107)
	at org.apache.catalina.core.ApplicationFilterChain.internalDoFilter(ApplicationFilterChain.java:193)
	at org.apache.catalina.core.ApplicationFilterChain.doFilter(ApplicationFilterChain.java:166)
	at org.apache.catalina.core.StandardWrapperValve.invoke(StandardWrapperValve.java:200)
	at org.apache.catalina.core.StandardContextValve.invoke(StandardContextValve.java:96)
	at org.apache.catalina.authenticator.AuthenticatorBase.invoke(AuthenticatorBase.java:490)
	at org.apache.catalina.core.StandardHostValve.invoke(StandardHostValve.java:139)
	at org.apache.catalina.valves.ErrorReportValve.invoke(ErrorReportValve.java:92)
	at org.apache.catalina.core.StandardEngineValve.invoke(StandardEngineValve.java:74)
	at org.apache.catalina.connector.CoyoteAdapter.service(CoyoteAdapter.java:343)
	at org.apache.coyote.http11.Http11Processor.service(Http11Processor.java:408)
	at org.apache.coyote.AbstractProcessorLight.process(AbstractProcessorLight.java:66)
	at org.apache.coyote.AbstractProtocol$ConnectionHandler.process(AbstractProtocol.java:836)
	at org.apache.tomcat.util.net.NioEndpoint$SocketProcessor.doRun(NioEndpoint.java:1747)
	at org.apache.tomcat.util.net.SocketProcessorBase.run(SocketProcessorBase.java:49)
	at java.base/java.util.concurrent.ThreadPoolExecutor.runWorker(ThreadPoolExecutor.java:1128)
	at java.base/java.util.concurrent.ThreadPoolExecutor$Worker.run(ThreadPoolExecutor.java:628)
	at org.apache.tomcat.util.threads.TaskThread$WrappingRunnable.run(TaskThread.java:61)
	at java.base/java.lang.Thread.run(Thread.java:834)
2021-03-20 23:42:15,193 ERROR com.example.demo.controllers.OrderController [http-nio-8080-exec-7] [SUBMIT ORDER] [FAIL] for user: user2, REASON : User not found
2021-03-20 23:43:48,241 INFO org.springframework.scheduling.concurrent.ExecutorConfigurationSupport [Thread-3] Shutting down ExecutorService 'applicationTaskExecutor'
2021-03-20 23:43:48,242 INFO org.springframework.orm.jpa.AbstractEntityManagerFactoryBean [Thread-3] Closing JPA EntityManagerFactory for persistence unit 'default'
2021-03-20 23:43:48,246 INFO com.zaxxer.hikari.HikariDataSource [Thread-3] HikariPool-1 - Shutdown initiated...
2021-03-20 23:43:48,250 INFO com.zaxxer.hikari.HikariDataSource [Thread-3] HikariPool-1 - Shutdown completed.
2021-03-20 23:43:50,517 INFO org.springframework.boot.StartupInfoLogger [main] Starting ECommerceApplication on Maximilians-MacBook-Pro.local with PID 48010 (/Users/max/IdeaProjects/nd035-c4-Security-and-DevOps/starter_code/target/classes started by max in /Users/max/IdeaProjects/nd035-c4-Security-and-DevOps)
2021-03-20 23:43:50,519 INFO org.springframework.boot.SpringApplication [main] No active profile set, falling back to default profiles: default
2021-03-20 23:43:50,898 INFO org.springframework.data.repository.config.RepositoryConfigurationDelegate [main] Bootstrapping Spring Data repositories in DEFAULT mode.
2021-03-20 23:43:50,939 INFO org.springframework.data.repository.config.RepositoryConfigurationDelegate [main] Finished Spring Data repository scanning in 37ms. Found 4 repository interfaces.
2021-03-20 23:43:51,246 INFO org.springframework.context.support.PostProcessorRegistrationDelegate$BeanPostProcessorChecker [main] Bean 'org.springframework.transaction.annotation.ProxyTransactionManagementConfiguration' of type [org.springframework.transaction.annotation.ProxyTransactionManagementConfiguration$$EnhancerBySpringCGLIB$$355106fe] is not eligible for getting processed by all BeanPostProcessors (for example: not eligible for auto-proxying)
2021-03-20 23:43:51,425 INFO org.springframework.boot.web.embedded.tomcat.TomcatWebServer [main] Tomcat initialized with port(s): 8080 (http)
2021-03-20 23:43:51,435 INFO org.apache.juli.logging.DirectJDKLog [main] Initializing ProtocolHandler ["http-nio-8080"]
2021-03-20 23:43:51,444 INFO org.apache.juli.logging.DirectJDKLog [main] Starting service [Tomcat]
2021-03-20 23:43:51,444 INFO org.apache.juli.logging.DirectJDKLog [main] Starting Servlet engine: [Apache Tomcat/9.0.19]
2021-03-20 23:43:51,535 INFO org.apache.juli.logging.DirectJDKLog [main] Initializing Spring embedded WebApplicationContext
2021-03-20 23:43:51,535 INFO org.springframework.boot.web.servlet.context.ServletWebServerApplicationContext [main] Root WebApplicationContext: initialization completed in 987 ms
2021-03-20 23:43:51,665 INFO com.zaxxer.hikari.HikariDataSource [main] HikariPool-1 - Starting...
2021-03-20 23:43:51,734 INFO com.zaxxer.hikari.HikariDataSource [main] HikariPool-1 - Start completed.
2021-03-20 23:43:51,768 INFO org.hibernate.jpa.internal.util.LogHelper [main] HHH000204: Processing PersistenceUnitInfo [
	name: default
	...]
2021-03-20 23:43:51,804 INFO org.hibernate.Version [main] HHH000412: Hibernate Core {5.3.10.Final}
2021-03-20 23:43:51,805 INFO org.hibernate.cfg.Environment [main] HHH000206: hibernate.properties not found
2021-03-20 23:43:51,871 INFO org.hibernate.annotations.common.reflection.java.JavaReflectionManager [main] HCANN000001: Hibernate Commons Annotations {5.0.4.Final}
2021-03-20 23:43:51,938 INFO org.hibernate.dialect.Dialect [main] HHH000400: Using dialect: org.hibernate.dialect.H2Dialect
2021-03-20 23:43:52,355 INFO org.springframework.orm.jpa.AbstractEntityManagerFactoryBean [main] Initialized JPA EntityManagerFactory for persistence unit 'default'
2021-03-20 23:43:52,681 WARN org.springframework.boot.autoconfigure.orm.jpa.JpaBaseConfiguration$JpaWebConfiguration$JpaWebMvcConfiguration [main] spring.jpa.open-in-view is enabled by default. Therefore, database queries may be performed during view rendering. Explicitly configure spring.jpa.open-in-view to disable this warning
2021-03-20 23:43:52,722 INFO org.springframework.security.web.DefaultSecurityFilterChain [main] Creating filter chain: any request, [org.springframework.security.web.context.request.async.WebAsyncManagerIntegrationFilter@3892802b, org.springframework.security.web.context.SecurityContextPersistenceFilter@42172065, org.springframework.security.web.header.HeaderWriterFilter@14d36bb2, org.springframework.web.filter.CorsFilter@4745bcc6, org.springframework.security.web.authentication.logout.LogoutFilter@2b561f51, com.example.demo.security.JWTAuthenticationFilter@2634d000, com.example.demo.security.JWTAuthenticationVerificationFilter@1642968c, org.springframework.security.web.savedrequest.RequestCacheAwareFilter@8e77c5b, org.springframework.security.web.servletapi.SecurityContextHolderAwareRequestFilter@45295cfd, org.springframework.security.web.authentication.AnonymousAuthenticationFilter@3a7dcfb7, org.springframework.security.web.session.SessionManagementFilter@4452e13c, org.springframework.security.web.access.ExceptionTranslationFilter@53d2f0ec, org.springframework.security.web.access.intercept.FilterSecurityInterceptor@7d07e04e]
2021-03-20 23:43:52,799 INFO org.springframework.scheduling.concurrent.ExecutorConfigurationSupport [main] Initializing ExecutorService 'applicationTaskExecutor'
2021-03-20 23:43:52,880 INFO org.apache.juli.logging.DirectJDKLog [main] Starting ProtocolHandler ["http-nio-8080"]
2021-03-20 23:43:52,899 INFO org.springframework.boot.web.embedded.tomcat.TomcatWebServer [main] Tomcat started on port(s): 8080 (http) with context path ''
2021-03-20 23:43:52,902 INFO org.springframework.boot.StartupInfoLogger [main] Started ECommerceApplication in 2.54 seconds (JVM running for 3.171)
2021-03-20 23:43:58,906 INFO org.apache.juli.logging.DirectJDKLog [http-nio-8080-exec-2] Initializing Spring DispatcherServlet 'dispatcherServlet'
2021-03-20 23:43:58,906 INFO org.springframework.web.servlet.FrameworkServlet [http-nio-8080-exec-2] Initializing Servlet 'dispatcherServlet'
2021-03-20 23:43:58,912 INFO org.springframework.web.servlet.FrameworkServlet [http-nio-8080-exec-2] Completed initialization in 6 ms
2021-03-20 23:43:59,103 INFO com.example.demo.controllers.UserController [http-nio-8080-exec-2] [CREATED] [SUCCESS] for user : user1
2021-03-20 23:44:08,441 ERROR com.example.demo.controllers.UserController [http-nio-8080-exec-3] [CREATED] [ERROR] Cannot create user because the password is not valid for:user1
2021-03-20 23:44:16,125 INFO org.hibernate.hql.internal.QueryTranslatorFactoryInitiator [http-nio-8080-exec-5] HHH000397: Using ASTQueryTranslatorFactory
2021-03-20 23:44:16,305 INFO com.example.demo.security.JWTAuthenticationFilter [http-nio-8080-exec-5] [LOGIN] [Success] for user: user1
2021-03-20 23:44:30,201 INFO com.example.demo.controllers.OrderController [http-nio-8080-exec-6] [SUBMIT ORDER] [SUCCESS] for user: user1
2021-03-20 23:44:33,830 ERROR com.example.demo.controllers.OrderController [http-nio-8080-exec-7] [SUBMIT ORDER] [FAIL] for user: user2, REASON : User not found
2021-03-21 03:05:45,232 INFO org.springframework.boot.StartupInfoLogger [main] Starting ECommerceApplication on Maximilians-MacBook-Pro.local with PID 57165 (/Users/max/IdeaProjects/nd035-c4-Security-and-DevOps/starter_code/target/classes started by max in /Users/max/IdeaProjects/nd035-c4-Security-and-DevOps)
2021-03-21 03:05:45,235 INFO org.springframework.boot.SpringApplication [main] No active profile set, falling back to default profiles: default
2021-03-21 03:05:45,592 INFO org.springframework.data.repository.config.RepositoryConfigurationDelegate [main] Bootstrapping Spring Data repositories in DEFAULT mode.
2021-03-21 03:05:45,629 INFO org.springframework.data.repository.config.RepositoryConfigurationDelegate [main] Finished Spring Data repository scanning in 31ms. Found 4 repository interfaces.
2021-03-21 03:05:45,894 INFO org.springframework.context.support.PostProcessorRegistrationDelegate$BeanPostProcessorChecker [main] Bean 'org.springframework.transaction.annotation.ProxyTransactionManagementConfiguration' of type [org.springframework.transaction.annotation.ProxyTransactionManagementConfiguration$$EnhancerBySpringCGLIB$$6330f4a8] is not eligible for getting processed by all BeanPostProcessors (for example: not eligible for auto-proxying)
2021-03-21 03:05:46,053 INFO org.springframework.boot.web.embedded.tomcat.TomcatWebServer [main] Tomcat initialized with port(s): 8080 (http)
2021-03-21 03:05:46,068 INFO org.apache.juli.logging.DirectJDKLog [main] Initializing ProtocolHandler ["http-nio-8080"]
2021-03-21 03:05:46,077 INFO org.apache.juli.logging.DirectJDKLog [main] Starting service [Tomcat]
2021-03-21 03:05:46,077 INFO org.apache.juli.logging.DirectJDKLog [main] Starting Servlet engine: [Apache Tomcat/9.0.19]
2021-03-21 03:05:46,168 INFO org.apache.juli.logging.DirectJDKLog [main] Initializing Spring embedded WebApplicationContext
2021-03-21 03:05:46,169 INFO org.springframework.boot.web.servlet.context.ServletWebServerApplicationContext [main] Root WebApplicationContext: initialization completed in 893 ms
2021-03-21 03:05:46,278 INFO com.zaxxer.hikari.HikariDataSource [main] HikariPool-1 - Starting...
2021-03-21 03:05:46,343 INFO com.zaxxer.hikari.HikariDataSource [main] HikariPool-1 - Start completed.
2021-03-21 03:05:46,370 INFO org.hibernate.jpa.internal.util.LogHelper [main] HHH000204: Processing PersistenceUnitInfo [
	name: default
	...]
2021-03-21 03:05:46,402 INFO org.hibernate.Version [main] HHH000412: Hibernate Core {5.3.10.Final}
2021-03-21 03:05:46,403 INFO org.hibernate.cfg.Environment [main] HHH000206: hibernate.properties not found
2021-03-21 03:05:46,474 INFO org.hibernate.annotations.common.reflection.java.JavaReflectionManager [main] HCANN000001: Hibernate Commons Annotations {5.0.4.Final}
2021-03-21 03:05:46,555 INFO org.hibernate.dialect.Dialect [main] HHH000400: Using dialect: org.hibernate.dialect.H2Dialect
2021-03-21 03:05:46,968 INFO org.springframework.orm.jpa.AbstractEntityManagerFactoryBean [main] Initialized JPA EntityManagerFactory for persistence unit 'default'
2021-03-21 03:05:47,322 WARN org.springframework.boot.autoconfigure.orm.jpa.JpaBaseConfiguration$JpaWebConfiguration$JpaWebMvcConfiguration [main] spring.jpa.open-in-view is enabled by default. Therefore, database queries may be performed during view rendering. Explicitly configure spring.jpa.open-in-view to disable this warning
2021-03-21 03:05:47,373 INFO org.springframework.security.web.DefaultSecurityFilterChain [main] Creating filter chain: any request, [org.springframework.security.web.context.request.async.WebAsyncManagerIntegrationFilter@7a569672, org.springframework.security.web.context.SecurityContextPersistenceFilter@f83d121, org.springframework.security.web.header.HeaderWriterFilter@61fa3583, org.springframework.web.filter.CorsFilter@49f41c2e, org.springframework.security.web.authentication.logout.LogoutFilter@dd77e0d, com.example.demo.security.JWTAuthenticationFilter@194eae3e, com.example.demo.security.JWTAuthenticationVerificationFilter@2ab39942, org.springframework.security.web.savedrequest.RequestCacheAwareFilter@2a19c36b, org.springframework.security.web.servletapi.SecurityContextHolderAwareRequestFilter@48bab2c6, org.springframework.security.web.authentication.AnonymousAuthenticationFilter@64186f60, org.springframework.security.web.session.SessionManagementFilter@3b50f432, org.springframework.security.web.access.ExceptionTranslationFilter@5ff29e8b, org.springframework.security.web.access.intercept.FilterSecurityInterceptor@221cdd87]
2021-03-21 03:05:47,450 INFO org.springframework.scheduling.concurrent.ExecutorConfigurationSupport [main] Initializing ExecutorService 'applicationTaskExecutor'
2021-03-21 03:05:47,526 INFO org.apache.juli.logging.DirectJDKLog [main] Starting ProtocolHandler ["http-nio-8080"]
2021-03-21 03:05:47,546 INFO org.springframework.boot.web.embedded.tomcat.TomcatWebServer [main] Tomcat started on port(s): 8080 (http) with context path ''
2021-03-21 03:05:47,549 INFO org.springframework.boot.StartupInfoLogger [main] Started ECommerceApplication in 2.501 seconds (JVM running for 3.051)
2021-03-21 03:05:49,773 INFO org.springframework.scheduling.concurrent.ExecutorConfigurationSupport [Thread-3] Shutting down ExecutorService 'applicationTaskExecutor'
2021-03-21 03:05:49,775 INFO org.springframework.orm.jpa.AbstractEntityManagerFactoryBean [Thread-3] Closing JPA EntityManagerFactory for persistence unit 'default'
2021-03-21 03:05:49,776 INFO com.zaxxer.hikari.HikariDataSource [Thread-3] HikariPool-1 - Shutdown initiated...
2021-03-21 03:05:49,779 INFO com.zaxxer.hikari.HikariDataSource [Thread-3] HikariPool-1 - Shutdown completed.
2021-03-21 03:07:23,612 INFO org.springframework.boot.StartupInfoLogger [main] Starting ECommerceApplication on Maximilians-MacBook-Pro.local with PID 57224 (/Users/max/IdeaProjects/nd035-c4-Security-and-DevOps/starter_code/target/classes started by max in /Users/max/IdeaProjects/nd035-c4-Security-and-DevOps)
2021-03-21 03:07:23,615 INFO org.springframework.boot.SpringApplication [main] No active profile set, falling back to default profiles: default
2021-03-21 03:07:23,990 INFO org.springframework.data.repository.config.RepositoryConfigurationDelegate [main] Bootstrapping Spring Data repositories in DEFAULT mode.
2021-03-21 03:07:24,036 INFO org.springframework.data.repository.config.RepositoryConfigurationDelegate [main] Finished Spring Data repository scanning in 41ms. Found 4 repository interfaces.
2021-03-21 03:07:24,346 INFO org.springframework.context.support.PostProcessorRegistrationDelegate$BeanPostProcessorChecker [main] Bean 'org.springframework.transaction.annotation.ProxyTransactionManagementConfiguration' of type [org.springframework.transaction.annotation.ProxyTransactionManagementConfiguration$$EnhancerBySpringCGLIB$$56999ad5] is not eligible for getting processed by all BeanPostProcessors (for example: not eligible for auto-proxying)
2021-03-21 03:07:24,537 INFO org.springframework.boot.web.embedded.tomcat.TomcatWebServer [main] Tomcat initialized with port(s): 8080 (http)
2021-03-21 03:07:24,547 INFO org.apache.juli.logging.DirectJDKLog [main] Initializing ProtocolHandler ["http-nio-8080"]
2021-03-21 03:07:24,560 INFO org.apache.juli.logging.DirectJDKLog [main] Starting service [Tomcat]
2021-03-21 03:07:24,560 INFO org.apache.juli.logging.DirectJDKLog [main] Starting Servlet engine: [Apache Tomcat/9.0.19]
2021-03-21 03:07:24,648 INFO org.apache.juli.logging.DirectJDKLog [main] Initializing Spring embedded WebApplicationContext
2021-03-21 03:07:24,648 INFO org.springframework.boot.web.servlet.context.ServletWebServerApplicationContext [main] Root WebApplicationContext: initialization completed in 987 ms
2021-03-21 03:07:24,747 INFO com.zaxxer.hikari.HikariDataSource [main] HikariPool-1 - Starting...
2021-03-21 03:07:24,820 INFO com.zaxxer.hikari.HikariDataSource [main] HikariPool-1 - Start completed.
2021-03-21 03:07:24,860 INFO org.hibernate.jpa.internal.util.LogHelper [main] HHH000204: Processing PersistenceUnitInfo [
	name: default
	...]
2021-03-21 03:07:24,905 INFO org.hibernate.Version [main] HHH000412: Hibernate Core {5.3.10.Final}
2021-03-21 03:07:24,906 INFO org.hibernate.cfg.Environment [main] HHH000206: hibernate.properties not found
2021-03-21 03:07:24,992 INFO org.hibernate.annotations.common.reflection.java.JavaReflectionManager [main] HCANN000001: Hibernate Commons Annotations {5.0.4.Final}
2021-03-21 03:07:25,063 INFO org.hibernate.dialect.Dialect [main] HHH000400: Using dialect: org.hibernate.dialect.H2Dialect
2021-03-21 03:07:25,436 INFO org.springframework.orm.jpa.AbstractEntityManagerFactoryBean [main] Initialized JPA EntityManagerFactory for persistence unit 'default'
2021-03-21 03:07:25,785 WARN org.springframework.boot.autoconfigure.orm.jpa.JpaBaseConfiguration$JpaWebConfiguration$JpaWebMvcConfiguration [main] spring.jpa.open-in-view is enabled by default. Therefore, database queries may be performed during view rendering. Explicitly configure spring.jpa.open-in-view to disable this warning
2021-03-21 03:07:25,830 INFO org.springframework.security.web.DefaultSecurityFilterChain [main] Creating filter chain: any request, [org.springframework.security.web.context.request.async.WebAsyncManagerIntegrationFilter@c478e4e, org.springframework.security.web.context.SecurityContextPersistenceFilter@53d2f0ec, org.springframework.security.web.header.HeaderWriterFilter@38a27ace, org.springframework.web.filter.CorsFilter@1e2b37cd, org.springframework.security.web.authentication.logout.LogoutFilter@434b2e0c, com.example.demo.security.JWTAuthenticationFilter@2ba08f26, com.example.demo.security.JWTAuthenticationVerificationFilter@6033f36c, org.springframework.security.web.savedrequest.RequestCacheAwareFilter@14d36bb2, org.springframework.security.web.servletapi.SecurityContextHolderAwareRequestFilter@1d167630, org.springframework.security.web.authentication.AnonymousAuthenticationFilter@50b624da, org.springframework.security.web.session.SessionManagementFilter@7e8783b0, org.springframework.security.web.access.ExceptionTranslationFilter@5dbc4598, org.springframework.security.web.access.intercept.FilterSecurityInterceptor@1e466d]
2021-03-21 03:07:25,896 INFO org.springframework.scheduling.concurrent.ExecutorConfigurationSupport [main] Initializing ExecutorService 'applicationTaskExecutor'
2021-03-21 03:07:25,970 INFO org.apache.juli.logging.DirectJDKLog [main] Starting ProtocolHandler ["http-nio-8080"]
2021-03-21 03:07:25,986 INFO org.springframework.boot.web.embedded.tomcat.TomcatWebServer [main] Tomcat started on port(s): 8080 (http) with context path ''
2021-03-21 03:07:25,990 INFO org.springframework.boot.StartupInfoLogger [main] Started ECommerceApplication in 2.561 seconds (JVM running for 3.172)
2021-03-21 03:07:29,386 INFO org.springframework.scheduling.concurrent.ExecutorConfigurationSupport [Thread-3] Shutting down ExecutorService 'applicationTaskExecutor'
2021-03-21 03:07:29,388 INFO org.springframework.orm.jpa.AbstractEntityManagerFactoryBean [Thread-3] Closing JPA EntityManagerFactory for persistence unit 'default'
2021-03-21 03:07:29,390 INFO com.zaxxer.hikari.HikariDataSource [Thread-3] HikariPool-1 - Shutdown initiated...
2021-03-21 03:07:29,394 INFO com.zaxxer.hikari.HikariDataSource [Thread-3] HikariPool-1 - Shutdown completed.
2021-03-21 03:29:33,523 INFO org.springframework.boot.StartupInfoLogger [main] Starting ECommerceApplication on Maximilians-MacBook-Pro.local with PID 57902 (/Users/max/IdeaProjects/nd035-c4-Security-and-DevOps/starter_code/target/classes started by max in /Users/max/IdeaProjects/nd035-c4-Security-and-DevOps)
2021-03-21 03:29:33,525 INFO org.springframework.boot.SpringApplication [main] No active profile set, falling back to default profiles: default
2021-03-21 03:29:33,849 INFO org.springframework.data.repository.config.RepositoryConfigurationDelegate [main] Bootstrapping Spring Data repositories in DEFAULT mode.
2021-03-21 03:29:33,882 INFO org.springframework.data.repository.config.RepositoryConfigurationDelegate [main] Finished Spring Data repository scanning in 29ms. Found 4 repository interfaces.
2021-03-21 03:29:34,152 INFO org.springframework.context.support.PostProcessorRegistrationDelegate$BeanPostProcessorChecker [main] Bean 'org.springframework.transaction.annotation.ProxyTransactionManagementConfiguration' of type [org.springframework.transaction.annotation.ProxyTransactionManagementConfiguration$$EnhancerBySpringCGLIB$$4e0d3287] is not eligible for getting processed by all BeanPostProcessors (for example: not eligible for auto-proxying)
2021-03-21 03:29:34,321 INFO org.springframework.boot.web.embedded.tomcat.TomcatWebServer [main] Tomcat initialized with port(s): 8080 (http)
2021-03-21 03:29:34,331 INFO org.apache.juli.logging.DirectJDKLog [main] Initializing ProtocolHandler ["http-nio-8080"]
2021-03-21 03:29:34,339 INFO org.apache.juli.logging.DirectJDKLog [main] Starting service [Tomcat]
2021-03-21 03:29:34,340 INFO org.apache.juli.logging.DirectJDKLog [main] Starting Servlet engine: [Apache Tomcat/9.0.19]
2021-03-21 03:29:34,432 INFO org.apache.juli.logging.DirectJDKLog [main] Initializing Spring embedded WebApplicationContext
2021-03-21 03:29:34,432 INFO org.springframework.boot.web.servlet.context.ServletWebServerApplicationContext [main] Root WebApplicationContext: initialization completed in 875 ms
2021-03-21 03:29:34,538 INFO com.zaxxer.hikari.HikariDataSource [main] HikariPool-1 - Starting...
2021-03-21 03:29:34,623 INFO com.zaxxer.hikari.HikariDataSource [main] HikariPool-1 - Start completed.
2021-03-21 03:29:34,663 INFO org.hibernate.jpa.internal.util.LogHelper [main] HHH000204: Processing PersistenceUnitInfo [
	name: default
	...]
2021-03-21 03:29:34,699 INFO org.hibernate.Version [main] HHH000412: Hibernate Core {5.3.10.Final}
2021-03-21 03:29:34,701 INFO org.hibernate.cfg.Environment [main] HHH000206: hibernate.properties not found
2021-03-21 03:29:34,790 INFO org.hibernate.annotations.common.reflection.java.JavaReflectionManager [main] HCANN000001: Hibernate Commons Annotations {5.0.4.Final}
2021-03-21 03:29:34,859 INFO org.hibernate.dialect.Dialect [main] HHH000400: Using dialect: org.hibernate.dialect.H2Dialect
2021-03-21 03:29:35,262 INFO org.springframework.orm.jpa.AbstractEntityManagerFactoryBean [main] Initialized JPA EntityManagerFactory for persistence unit 'default'
2021-03-21 03:29:35,613 WARN org.springframework.boot.autoconfigure.orm.jpa.JpaBaseConfiguration$JpaWebConfiguration$JpaWebMvcConfiguration [main] spring.jpa.open-in-view is enabled by default. Therefore, database queries may be performed during view rendering. Explicitly configure spring.jpa.open-in-view to disable this warning
2021-03-21 03:29:35,660 INFO org.springframework.security.web.DefaultSecurityFilterChain [main] Creating filter chain: any request, [org.springframework.security.web.context.request.async.WebAsyncManagerIntegrationFilter@1ddc8fc, org.springframework.security.web.context.SecurityContextPersistenceFilter@4e31b64d, org.springframework.security.web.header.HeaderWriterFilter@7d4bdbd8, org.springframework.web.filter.CorsFilter@77d58f3a, org.springframework.security.web.authentication.logout.LogoutFilter@68b3979d, com.example.demo.security.JWTAuthenticationFilter@1e288c76, com.example.demo.security.JWTAuthenticationVerificationFilter@738ed8f5, org.springframework.security.web.savedrequest.RequestCacheAwareFilter@214e3185, org.springframework.security.web.servletapi.SecurityContextHolderAwareRequestFilter@25109d84, org.springframework.security.web.authentication.AnonymousAuthenticationFilter@1cfb7450, org.springframework.security.web.session.SessionManagementFilter@79636080, org.springframework.security.web.access.ExceptionTranslationFilter@306cfb8a, org.springframework.security.web.access.intercept.FilterSecurityInterceptor@53dbe7b2]
2021-03-21 03:29:35,728 INFO org.springframework.scheduling.concurrent.ExecutorConfigurationSupport [main] Initializing ExecutorService 'applicationTaskExecutor'
2021-03-21 03:29:35,804 INFO org.apache.juli.logging.DirectJDKLog [main] Starting ProtocolHandler ["http-nio-8080"]
2021-03-21 03:29:35,820 INFO org.springframework.boot.web.embedded.tomcat.TomcatWebServer [main] Tomcat started on port(s): 8080 (http) with context path ''
2021-03-21 03:29:35,823 INFO org.springframework.boot.StartupInfoLogger [main] Started ECommerceApplication in 2.454 seconds (JVM running for 3.052)
2021-03-21 03:29:38,662 INFO org.springframework.scheduling.concurrent.ExecutorConfigurationSupport [Thread-3] Shutting down ExecutorService 'applicationTaskExecutor'
2021-03-21 03:29:38,665 INFO org.springframework.orm.jpa.AbstractEntityManagerFactoryBean [Thread-3] Closing JPA EntityManagerFactory for persistence unit 'default'
2021-03-21 03:29:38,667 INFO com.zaxxer.hikari.HikariDataSource [Thread-3] HikariPool-1 - Shutdown initiated...
2021-03-21 03:29:38,670 INFO com.zaxxer.hikari.HikariDataSource [Thread-3] HikariPool-1 - Shutdown completed.
